<?xml version="1.0" encoding="UTF-8"?>
<testsuite name="net.petrikainulainen.gradle.MessageServiceTest" tests="1" skipped="0" failures="0" errors="0" timestamp="2018-04-25T08:45:55" hostname="ULTP_322" time="0.001">
  <properties/>
  <testcase name="getMessage_ShouldReturnMessage" classname="net.petrikainulainen.gradle.MessageServiceTest" time="0.001"/>
  <system-out><![CDATA[]]></system-out>
  <system-err><![CDATA[]]></system-err>
</testsuite>
